<?xml version="1.0" encoding="UTF-8"?>
<!-- Generated by org.testng.reporters.JUnitReportReporter -->
<testsuite skipped="0" hostname="INLN50942907A" name="TestCases.TESTB" tests="3" failures="0" timestamp="27 Mar 2018 05:34:38 GMT" time="18.920" errors="0">
  <testcase name="Verify_Add_item" time="6.600" classname="TestCases.TESTB"/>
  <testcase name="checkout_product" time="1.246" classname="TestCases.TESTB"/>
  <testcase name="GoToAmazon_search_Filter" time="11.074" classname="TestCases.TESTB"/>
</testsuite> <!-- TestCases.TESTB -->
