<?xml version="1.0" encoding="UTF-8"?>
<!-- Generated by org.testng.reporters.JUnitReportReporter -->
<testsuite skipped="0" hostname="INLN50942907A" name="TestCases.TESTB" tests="3" failures="0" timestamp="28 Mar 2018 05:38:47 GMT" time="25.352" errors="0">
  <testcase name="Verify_Add_item" time="5.476" classname="TestCases.TESTB"/>
  <testcase name="checkout_product" time="2.201" classname="TestCases.TESTB"/>
  <testcase name="GoToAmazon_search_Filter" time="17.675" classname="TestCases.TESTB"/>
</testsuite> <!-- TestCases.TESTB -->
