<?xml version="1.0" encoding="UTF-8"?>
<!-- Generated by org.testng.reporters.JUnitReportReporter -->
<testsuite skipped="0" hostname="INLN50942907A" name="TestCases.TESTB" tests="3" failures="0" timestamp="27 Mar 2018 04:43:12 GMT" time="17.595" errors="0">
  <testcase name="checkout_product" time="1.644" classname="TestCases.TESTB"/>
  <testcase name="Verify_Add_item" time="5.280" classname="TestCases.TESTB"/>
  <testcase name="GoToAmazon_search_Filter" time="10.671" classname="TestCases.TESTB"/>
</testsuite> <!-- TestCases.TESTB -->
