<?xml version="1.0" encoding="UTF-8"?>
<!-- Generated by org.testng.reporters.JUnitReportReporter -->
<testsuite skipped="0" hostname="INLN50942907A" name="TestCases.TestA" tests="3" failures="0" timestamp="07 Mar 2018 15:49:18 GMT" time="72.663" errors="0">
  <testcase name="checkout_product" time="1.783" classname="TestCases.TestA"/>
  <testcase name="Verify_Add_item" time="37.731" classname="TestCases.TestA"/>
  <testcase name="GoToAmazon_search_Filter" time="33.149" classname="TestCases.TestA"/>
</testsuite> <!-- TestCases.TestA -->
